<?xml version="1.0" encoding="UTF-8"?>
<testng-results ignored="0" total="5" passed="4" failed="1" skipped="0">
  <reporter-output>
  </reporter-output>
  <suite started-at="2022-05-23T21:02:46 IST" name="Default suite" finished-at="2022-05-23T21:03:45 IST" duration-ms="58593">
    <groups>
    </groups>
    <test started-at="2022-05-23T21:02:46 IST" name="Default test" finished-at="2022-05-23T21:03:45 IST" duration-ms="58593">
      <class name="remotePC.qa.testcases.LoginPageRPCTest">
        <test-method is-config="true" signature="setup()[pri:0, instance:remotePC.qa.testcases.LoginPageRPCTest@59f63e24]" started-at="2022-05-23T21:02:46 IST" name="setup" finished-at="2022-05-23T21:02:58 IST" duration-ms="11311" status="PASS">
          <reporter-output>
          </reporter-output>
        </test-method> <!-- setup -->
        <test-method signature="Invalidlogin()[pri:0, instance:remotePC.qa.testcases.LoginPageRPCTest@59f63e24]" started-at="2022-05-23T21:02:58 IST" name="Invalidlogin" finished-at="2022-05-23T21:03:00 IST" duration-ms="2248" status="PASS">
          <reporter-output>
          </reporter-output>
        </test-method> <!-- Invalidlogin -->
        <test-method is-config="true" signature="teardown(org.testng.ITestResult)[pri:0, instance:remotePC.qa.testcases.LoginPageRPCTest@59f63e24]" started-at="2022-05-23T21:03:00 IST" name="teardown" finished-at="2022-05-23T21:03:00 IST" duration-ms="323" status="PASS">
          <params>
            <param index="0">
              <value>
                <![CDATA[[TestResult name=Invalidlogin status=SUCCESS method=LoginPageRPCTest.Invalidlogin()[pri:0, instance:remotePC.qa.testcases.LoginPageRPCTest@59f63e24] output={null}]]]>
              </value>
            </param>
          </params>
          <reporter-output>
          </reporter-output>
        </test-method> <!-- teardown -->
        <test-method is-config="true" signature="setup()[pri:0, instance:remotePC.qa.testcases.LoginPageRPCTest@59f63e24]" started-at="2022-05-23T21:03:00 IST" name="setup" finished-at="2022-05-23T21:03:06 IST" duration-ms="5803" status="PASS">
          <reporter-output>
          </reporter-output>
        </test-method> <!-- setup -->
        <test-method signature="SignupRedirection()[pri:0, instance:remotePC.qa.testcases.LoginPageRPCTest@59f63e24]" started-at="2022-05-23T21:03:06 IST" name="SignupRedirection" finished-at="2022-05-23T21:03:10 IST" duration-ms="4179" status="PASS">
          <reporter-output>
          </reporter-output>
        </test-method> <!-- SignupRedirection -->
        <test-method is-config="true" signature="teardown(org.testng.ITestResult)[pri:0, instance:remotePC.qa.testcases.LoginPageRPCTest@59f63e24]" started-at="2022-05-23T21:03:10 IST" name="teardown" finished-at="2022-05-23T21:03:11 IST" duration-ms="368" status="PASS">
          <params>
            <param index="0">
              <value>
                <![CDATA[[TestResult name=SignupRedirection status=SUCCESS method=LoginPageRPCTest.SignupRedirection()[pri:0, instance:remotePC.qa.testcases.LoginPageRPCTest@59f63e24] output={null}]]]>
              </value>
            </param>
          </params>
          <reporter-output>
          </reporter-output>
        </test-method> <!-- teardown -->
        <test-method is-config="true" signature="setup()[pri:0, instance:remotePC.qa.testcases.LoginPageRPCTest@59f63e24]" started-at="2022-05-23T21:03:11 IST" name="setup" finished-at="2022-05-23T21:03:22 IST" duration-ms="11149" status="PASS">
          <reporter-output>
          </reporter-output>
        </test-method> <!-- setup -->
        <test-method signature="ValidateLoginPage()[pri:0, instance:remotePC.qa.testcases.LoginPageRPCTest@59f63e24]" started-at="2022-05-23T21:03:22 IST" name="ValidateLoginPage" finished-at="2022-05-23T21:03:22 IST" duration-ms="14" status="PASS">
          <reporter-output>
          </reporter-output>
        </test-method> <!-- ValidateLoginPage -->
        <test-method is-config="true" signature="teardown(org.testng.ITestResult)[pri:0, instance:remotePC.qa.testcases.LoginPageRPCTest@59f63e24]" started-at="2022-05-23T21:03:22 IST" name="teardown" finished-at="2022-05-23T21:03:22 IST" duration-ms="313" status="PASS">
          <params>
            <param index="0">
              <value>
                <![CDATA[[TestResult name=ValidateLoginPage status=SUCCESS method=LoginPageRPCTest.ValidateLoginPage()[pri:0, instance:remotePC.qa.testcases.LoginPageRPCTest@59f63e24] output={null}]]]>
              </value>
            </param>
          </params>
          <reporter-output>
          </reporter-output>
        </test-method> <!-- teardown -->
        <test-method is-config="true" signature="setup()[pri:0, instance:remotePC.qa.testcases.LoginPageRPCTest@59f63e24]" started-at="2022-05-23T21:03:22 IST" name="setup" finished-at="2022-05-23T21:03:28 IST" duration-ms="6389" status="PASS">
          <reporter-output>
          </reporter-output>
        </test-method> <!-- setup -->
        <test-method signature="loginToConsumerAccount()[pri:0, instance:remotePC.qa.testcases.LoginPageRPCTest@59f63e24]" started-at="2022-05-23T21:03:28 IST" name="loginToConsumerAccount" finished-at="2022-05-23T21:03:37 IST" duration-ms="8727" status="FAIL">
          <exception class="java.lang.AssertionError">
            <message>
              <![CDATA[Failed to receive title.Login failed expected [RemotePC™ - my account information] but found [RemotePC™ - Computers]]]>
            </message>
            <full-stacktrace>
              <![CDATA[java.lang.AssertionError: Failed to receive title.Login failed expected [RemotePC™ - my account information] but found [RemotePC™ - Computers]
at org.testng.Assert.fail(Assert.java:99)
at org.testng.Assert.failNotEquals(Assert.java:1037)
at org.testng.Assert.assertEqualsImpl(Assert.java:140)
at org.testng.Assert.assertEquals(Assert.java:122)
at org.testng.Assert.assertEquals(Assert.java:629)
at remotePC.qa.testcases.LoginPageRPCTest.loginToConsumerAccount(LoginPageRPCTest.java:97)
at java.base/jdk.internal.reflect.NativeMethodAccessorImpl.invoke0(Native Method)
at java.base/jdk.internal.reflect.NativeMethodAccessorImpl.invoke(NativeMethodAccessorImpl.java:78)
at java.base/jdk.internal.reflect.DelegatingMethodAccessorImpl.invoke(DelegatingMethodAccessorImpl.java:43)
at java.base/java.lang.reflect.Method.invoke(Method.java:567)
at org.testng.internal.MethodInvocationHelper.invokeMethod(MethodInvocationHelper.java:133)
at org.testng.internal.TestInvoker.invokeMethod(TestInvoker.java:598)
at org.testng.internal.TestInvoker.invokeTestMethod(TestInvoker.java:173)
at org.testng.internal.MethodRunner.runInSequence(MethodRunner.java:46)
at org.testng.internal.TestInvoker$MethodInvocationAgent.invoke(TestInvoker.java:824)
at org.testng.internal.TestInvoker.invokeTestMethods(TestInvoker.java:146)
at org.testng.internal.TestMethodWorker.invokeTestMethods(TestMethodWorker.java:146)
at org.testng.internal.TestMethodWorker.run(TestMethodWorker.java:128)
at java.base/java.util.ArrayList.forEach(ArrayList.java:1511)
at org.testng.TestRunner.privateRun(TestRunner.java:794)
at org.testng.TestRunner.run(TestRunner.java:596)
at org.testng.SuiteRunner.runTest(SuiteRunner.java:377)
at org.testng.SuiteRunner.runSequentially(SuiteRunner.java:371)
at org.testng.SuiteRunner.privateRun(SuiteRunner.java:332)
at org.testng.SuiteRunner.run(SuiteRunner.java:276)
at org.testng.SuiteRunnerWorker.runSuite(SuiteRunnerWorker.java:53)
at org.testng.SuiteRunnerWorker.run(SuiteRunnerWorker.java:96)
at org.testng.TestNG.runSuitesSequentially(TestNG.java:1212)
at org.testng.TestNG.runSuitesLocally(TestNG.java:1134)
at org.testng.TestNG.runSuites(TestNG.java:1063)
at org.testng.TestNG.run(TestNG.java:1031)
at org.testng.remote.AbstractRemoteTestNG.run(AbstractRemoteTestNG.java:115)
at org.testng.remote.RemoteTestNG.initAndRun(RemoteTestNG.java:251)
at org.testng.remote.RemoteTestNG.main(RemoteTestNG.java:77)
]]>
            </full-stacktrace>
          </exception> <!-- java.lang.AssertionError -->
          <reporter-output>
          </reporter-output>
        </test-method> <!-- loginToConsumerAccount -->
        <test-method is-config="true" signature="teardown(org.testng.ITestResult)[pri:0, instance:remotePC.qa.testcases.LoginPageRPCTest@59f63e24]" started-at="2022-05-23T21:03:37 IST" name="teardown" finished-at="2022-05-23T21:03:37 IST" duration-ms="301" status="PASS">
          <params>
            <param index="0">
              <value>
                <![CDATA[[TestResult name=loginToConsumerAccount status=FAILURE method=LoginPageRPCTest.loginToConsumerAccount()[pri:0, instance:remotePC.qa.testcases.LoginPageRPCTest@59f63e24] output={null}]]]>
              </value>
            </param>
          </params>
          <reporter-output>
          </reporter-output>
        </test-method> <!-- teardown -->
        <test-method is-config="true" signature="setup()[pri:0, instance:remotePC.qa.testcases.LoginPageRPCTest@59f63e24]" started-at="2022-05-23T21:03:37 IST" name="setup" finished-at="2022-05-23T21:03:43 IST" duration-ms="5753" status="PASS">
          <reporter-output>
          </reporter-output>
        </test-method> <!-- setup -->
        <test-method signature="navigateToForgotPassword()[pri:0, instance:remotePC.qa.testcases.LoginPageRPCTest@59f63e24]" started-at="2022-05-23T21:03:43 IST" name="navigateToForgotPassword" finished-at="2022-05-23T21:03:45 IST" duration-ms="1359" status="PASS">
          <reporter-output>
          </reporter-output>
        </test-method> <!-- navigateToForgotPassword -->
        <test-method is-config="true" signature="teardown(org.testng.ITestResult)[pri:0, instance:remotePC.qa.testcases.LoginPageRPCTest@59f63e24]" started-at="2022-05-23T21:03:45 IST" name="teardown" finished-at="2022-05-23T21:03:45 IST" duration-ms="282" status="PASS">
          <params>
            <param index="0">
              <value>
                <![CDATA[[TestResult name=navigateToForgotPassword status=SUCCESS method=LoginPageRPCTest.navigateToForgotPassword()[pri:0, instance:remotePC.qa.testcases.LoginPageRPCTest@59f63e24] output={null}]]]>
              </value>
            </param>
          </params>
          <reporter-output>
          </reporter-output>
        </test-method> <!-- teardown -->
      </class> <!-- remotePC.qa.testcases.LoginPageRPCTest -->
    </test> <!-- Default test -->
  </suite> <!-- Default suite -->
</testng-results>
